INFO 2020-11-15 20:13:10:706 main PluginBootstrap : no plugin files (skywalking-plugin.def) found, continue to start application. 
DEBUG 2020-11-15 20:13:12:065 SkywalkingAgent-2-GRPCChannelManager-0 GRPCChannelManager : Selected collector grpc service running, reconnect:true. 
DEBUG 2020-11-15 20:13:12:072 SkywalkingAgent-5-ServiceAndEndpointRegisterClient-0 ServiceAndEndpointRegisterClient : ServiceAndEndpointRegisterClient running, status:DISCONNECT. 
DEBUG 2020-11-15 20:13:15:073 SkywalkingAgent-5-ServiceAndEndpointRegisterClient-0 ServiceAndEndpointRegisterClient : ServiceAndEndpointRegisterClient running, status:CONNECTED. 
DEBUG 2020-11-15 20:13:18:074 SkywalkingAgent-5-ServiceAndEndpointRegisterClient-0 ServiceAndEndpointRegisterClient : ServiceAndEndpointRegisterClient running, status:CONNECTED. 
DEBUG 2020-11-15 20:13:21:074 SkywalkingAgent-5-ServiceAndEndpointRegisterClient-0 ServiceAndEndpointRegisterClient : ServiceAndEndpointRegisterClient running, status:CONNECTED. 
DEBUG 2020-11-15 20:13:24:073 SkywalkingAgent-5-ServiceAndEndpointRegisterClient-0 ServiceAndEndpointRegisterClient : ServiceAndEndpointRegisterClient running, status:CONNECTED. 
DEBUG 2020-11-15 20:13:27:072 SkywalkingAgent-5-ServiceAndEndpointRegisterClient-0 ServiceAndEndpointRegisterClient : ServiceAndEndpointRegisterClient running, status:CONNECTED. 
DEBUG 2020-11-15 20:13:30:072 SkywalkingAgent-5-ServiceAndEndpointRegisterClient-0 ServiceAndEndpointRegisterClient : ServiceAndEndpointRegisterClient running, status:CONNECTED. 
DEBUG 2020-11-15 20:13:33:074 SkywalkingAgent-5-ServiceAndEndpointRegisterClient-0 ServiceAndEndpointRegisterClient : ServiceAndEndpointRegisterClient running, status:CONNECTED. 
DEBUG 2020-11-15 20:13:36:074 SkywalkingAgent-5-ServiceAndEndpointRegisterClient-0 ServiceAndEndpointRegisterClient : ServiceAndEndpointRegisterClient running, status:CONNECTED. 
DEBUG 2020-11-15 20:13:39:072 SkywalkingAgent-5-ServiceAndEndpointRegisterClient-0 ServiceAndEndpointRegisterClient : ServiceAndEndpointRegisterClient running, status:CONNECTED. 
DEBUG 2020-11-15 20:13:42:065 SkywalkingAgent-2-GRPCChannelManager-0 GRPCChannelManager : Selected collector grpc service running, reconnect:false. 
DEBUG 2020-11-15 20:13:42:073 SkywalkingAgent-5-ServiceAndEndpointRegisterClient-0 ServiceAndEndpointRegisterClient : ServiceAndEndpointRegisterClient running, status:CONNECTED. 
DEBUG 2020-11-15 20:13:45:073 SkywalkingAgent-5-ServiceAndEndpointRegisterClient-0 ServiceAndEndpointRegisterClient : ServiceAndEndpointRegisterClient running, status:CONNECTED. 
DEBUG 2020-11-15 20:13:48:073 SkywalkingAgent-5-ServiceAndEndpointRegisterClient-0 ServiceAndEndpointRegisterClient : ServiceAndEndpointRegisterClient running, status:CONNECTED. 
DEBUG 2020-11-15 20:13:51:072 SkywalkingAgent-5-ServiceAndEndpointRegisterClient-0 ServiceAndEndpointRegisterClient : ServiceAndEndpointRegisterClient running, status:CONNECTED. 
DEBUG 2020-11-15 20:13:54:073 SkywalkingAgent-5-ServiceAndEndpointRegisterClient-0 ServiceAndEndpointRegisterClient : ServiceAndEndpointRegisterClient running, status:CONNECTED. 
DEBUG 2020-11-15 20:13:57:072 SkywalkingAgent-5-ServiceAndEndpointRegisterClient-0 ServiceAndEndpointRegisterClient : ServiceAndEndpointRegisterClient running, status:CONNECTED. 
DEBUG 2020-11-15 20:14:00:072 SkywalkingAgent-5-ServiceAndEndpointRegisterClient-0 ServiceAndEndpointRegisterClient : ServiceAndEndpointRegisterClient running, status:CONNECTED. 
DEBUG 2020-11-15 20:14:03:072 SkywalkingAgent-5-ServiceAndEndpointRegisterClient-0 ServiceAndEndpointRegisterClient : ServiceAndEndpointRegisterClient running, status:CONNECTED. 
DEBUG 2020-11-15 20:14:06:072 SkywalkingAgent-5-ServiceAndEndpointRegisterClient-0 ServiceAndEndpointRegisterClient : ServiceAndEndpointRegisterClient running, status:CONNECTED. 
DEBUG 2020-11-15 20:14:09:072 SkywalkingAgent-5-ServiceAndEndpointRegisterClient-0 ServiceAndEndpointRegisterClient : ServiceAndEndpointRegisterClient running, status:CONNECTED. 
DEBUG 2020-11-15 20:14:12:066 SkywalkingAgent-2-GRPCChannelManager-0 GRPCChannelManager : Selected collector grpc service running, reconnect:false. 
DEBUG 2020-11-15 20:14:12:074 SkywalkingAgent-5-ServiceAndEndpointRegisterClient-0 ServiceAndEndpointRegisterClient : ServiceAndEndpointRegisterClient running, status:CONNECTED. 
DEBUG 2020-11-15 20:14:15:072 SkywalkingAgent-5-ServiceAndEndpointRegisterClient-0 ServiceAndEndpointRegisterClient : ServiceAndEndpointRegisterClient running, status:CONNECTED. 
DEBUG 2020-11-15 20:14:18:074 SkywalkingAgent-5-ServiceAndEndpointRegisterClient-0 ServiceAndEndpointRegisterClient : ServiceAndEndpointRegisterClient running, status:CONNECTED. 
DEBUG 2020-11-15 20:14:21:073 SkywalkingAgent-5-ServiceAndEndpointRegisterClient-0 ServiceAndEndpointRegisterClient : ServiceAndEndpointRegisterClient running, status:CONNECTED. 
DEBUG 2020-11-15 20:14:24:072 SkywalkingAgent-5-ServiceAndEndpointRegisterClient-0 ServiceAndEndpointRegisterClient : ServiceAndEndpointRegisterClient running, status:CONNECTED. 
DEBUG 2020-11-15 20:14:27:073 SkywalkingAgent-5-ServiceAndEndpointRegisterClient-0 ServiceAndEndpointRegisterClient : ServiceAndEndpointRegisterClient running, status:CONNECTED. 
DEBUG 2020-11-15 20:14:30:073 SkywalkingAgent-5-ServiceAndEndpointRegisterClient-0 ServiceAndEndpointRegisterClient : ServiceAndEndpointRegisterClient running, status:CONNECTED. 
DEBUG 2020-11-15 20:14:33:073 SkywalkingAgent-5-ServiceAndEndpointRegisterClient-0 ServiceAndEndpointRegisterClient : ServiceAndEndpointRegisterClient running, status:CONNECTED. 
DEBUG 2020-11-15 20:14:36:073 SkywalkingAgent-5-ServiceAndEndpointRegisterClient-0 ServiceAndEndpointRegisterClient : ServiceAndEndpointRegisterClient running, status:CONNECTED. 
DEBUG 2020-11-15 20:14:39:073 SkywalkingAgent-5-ServiceAndEndpointRegisterClient-0 ServiceAndEndpointRegisterClient : ServiceAndEndpointRegisterClient running, status:CONNECTED. 
DEBUG 2020-11-15 20:14:42:065 SkywalkingAgent-2-GRPCChannelManager-0 GRPCChannelManager : Selected collector grpc service running, reconnect:false. 
DEBUG 2020-11-15 20:14:42:073 SkywalkingAgent-5-ServiceAndEndpointRegisterClient-0 ServiceAndEndpointRegisterClient : ServiceAndEndpointRegisterClient running, status:CONNECTED. 
DEBUG 2020-11-15 20:14:45:072 SkywalkingAgent-5-ServiceAndEndpointRegisterClient-0 ServiceAndEndpointRegisterClient : ServiceAndEndpointRegisterClient running, status:CONNECTED. 
DEBUG 2020-11-15 20:14:48:073 SkywalkingAgent-5-ServiceAndEndpointRegisterClient-0 ServiceAndEndpointRegisterClient : ServiceAndEndpointRegisterClient running, status:CONNECTED. 
DEBUG 2020-11-15 20:14:51:073 SkywalkingAgent-5-ServiceAndEndpointRegisterClient-0 ServiceAndEndpointRegisterClient : ServiceAndEndpointRegisterClient running, status:CONNECTED. 
DEBUG 2020-11-15 20:14:54:072 SkywalkingAgent-5-ServiceAndEndpointRegisterClient-0 ServiceAndEndpointRegisterClient : ServiceAndEndpointRegisterClient running, status:CONNECTED. 
DEBUG 2020-11-15 20:14:57:073 SkywalkingAgent-5-ServiceAndEndpointRegisterClient-0 ServiceAndEndpointRegisterClient : ServiceAndEndpointRegisterClient running, status:CONNECTED. 
DEBUG 2020-11-15 20:15:00:072 SkywalkingAgent-5-ServiceAndEndpointRegisterClient-0 ServiceAndEndpointRegisterClient : ServiceAndEndpointRegisterClient running, status:CONNECTED. 
DEBUG 2020-11-15 20:15:03:072 SkywalkingAgent-5-ServiceAndEndpointRegisterClient-0 ServiceAndEndpointRegisterClient : ServiceAndEndpointRegisterClient running, status:CONNECTED. 
DEBUG 2020-11-15 20:15:06:072 SkywalkingAgent-5-ServiceAndEndpointRegisterClient-0 ServiceAndEndpointRegisterClient : ServiceAndEndpointRegisterClient running, status:CONNECTED. 
DEBUG 2020-11-15 20:15:09:072 SkywalkingAgent-5-ServiceAndEndpointRegisterClient-0 ServiceAndEndpointRegisterClient : ServiceAndEndpointRegisterClient running, status:CONNECTED. 
DEBUG 2020-11-15 20:15:12:066 SkywalkingAgent-2-GRPCChannelManager-0 GRPCChannelManager : Selected collector grpc service running, reconnect:false. 
DEBUG 2020-11-15 20:15:12:073 SkywalkingAgent-5-ServiceAndEndpointRegisterClient-0 ServiceAndEndpointRegisterClient : ServiceAndEndpointRegisterClient running, status:CONNECTED. 
DEBUG 2020-11-15 20:15:15:073 SkywalkingAgent-5-ServiceAndEndpointRegisterClient-0 ServiceAndEndpointRegisterClient : ServiceAndEndpointRegisterClient running, status:CONNECTED. 
DEBUG 2020-11-15 20:15:18:073 SkywalkingAgent-5-ServiceAndEndpointRegisterClient-0 ServiceAndEndpointRegisterClient : ServiceAndEndpointRegisterClient running, status:CONNECTED. 
DEBUG 2020-11-15 20:15:21:073 SkywalkingAgent-5-ServiceAndEndpointRegisterClient-0 ServiceAndEndpointRegisterClient : ServiceAndEndpointRegisterClient running, status:CONNECTED. 
DEBUG 2020-11-15 20:15:24:072 SkywalkingAgent-5-ServiceAndEndpointRegisterClient-0 ServiceAndEndpointRegisterClient : ServiceAndEndpointRegisterClient running, status:CONNECTED. 
DEBUG 2020-11-15 20:15:27:074 SkywalkingAgent-5-ServiceAndEndpointRegisterClient-0 ServiceAndEndpointRegisterClient : ServiceAndEndpointRegisterClient running, status:CONNECTED. 
DEBUG 2020-11-15 20:15:30:073 SkywalkingAgent-5-ServiceAndEndpointRegisterClient-0 ServiceAndEndpointRegisterClient : ServiceAndEndpointRegisterClient running, status:CONNECTED. 
DEBUG 2020-11-15 20:15:33:072 SkywalkingAgent-5-ServiceAndEndpointRegisterClient-0 ServiceAndEndpointRegisterClient : ServiceAndEndpointRegisterClient running, status:CONNECTED. 
DEBUG 2020-11-15 20:15:36:074 SkywalkingAgent-5-ServiceAndEndpointRegisterClient-0 ServiceAndEndpointRegisterClient : ServiceAndEndpointRegisterClient running, status:CONNECTED. 
DEBUG 2020-11-15 20:15:39:072 SkywalkingAgent-5-ServiceAndEndpointRegisterClient-0 ServiceAndEndpointRegisterClient : ServiceAndEndpointRegisterClient running, status:CONNECTED. 
DEBUG 2020-11-15 20:15:42:066 SkywalkingAgent-2-GRPCChannelManager-0 GRPCChannelManager : Selected collector grpc service running, reconnect:false. 
DEBUG 2020-11-15 20:15:42:073 SkywalkingAgent-5-ServiceAndEndpointRegisterClient-0 ServiceAndEndpointRegisterClient : ServiceAndEndpointRegisterClient running, status:CONNECTED. 
DEBUG 2020-11-15 20:15:45:073 SkywalkingAgent-5-ServiceAndEndpointRegisterClient-0 ServiceAndEndpointRegisterClient : ServiceAndEndpointRegisterClient running, status:CONNECTED. 
DEBUG 2020-11-15 20:15:48:072 SkywalkingAgent-5-ServiceAndEndpointRegisterClient-0 ServiceAndEndpointRegisterClient : ServiceAndEndpointRegisterClient running, status:CONNECTED. 
